<?xml version="1.0" encoding="UTF-8"?>
<testsuite xmlns:xsi="http://www.w3.org/2001/XMLSchema-instance" xsi:noNamespaceSchemaLocation="https://maven.apache.org/surefire/maven-surefire-plugin/xsd/surefire-test-report.xsd" name="WordSearcherTest" time="0.011" tests="6" errors="0" skipped="0" failures="0">
  <properties>
[...]
</properties>
  <testcase name="withoutWordsProvided" classname="WordSearcherTest" time="0.001"/>
  <testcase name="withWordNoAvailable" classname="WordSearcherTest" time="0.001"/>
  <testcase name="performanceTest" classname="WordSearcherTest" time="0.001"/>
  <testcase name="withValidWords" classname="WordSearcherTest" time="0"/>
  <testcase name="withManyWords" classname="WordSearcherTest" time="0.001"/>
  <testcase name="withInexistentsWords" classname="WordSearcherTest" time="0.001"/>
</testsuite>